<?xml version="1.0" encoding="UTF-8"?>
<robot generator="Robot 3.0 (Jython 2.7.0 on java1.8.0_65)" generated="20161024 11:09:43.828">
<suite source="C:\Users\Tyler\Leaderboard\src\test\acceptancetest" name="Acceptancetest" id="s1">
<suite source="C:\Users\Tyler\Leaderboard\src\test\acceptancetest\GameologyTest.robot" name="GameologyTest" id="s1-s1">
<test name="Get Student From Database" id="s1-s1-t1">
<kw library="keywords.GameologyKeyword" name="Pull Student From Database Based On ID">
<arguments>
<arg>111128</arg>
</arguments>
<assign>
<var>${result}</var>
</assign>
<msg level="INFO" timestamp="20161024 11:09:44.089">${result} = [111128] Maritza Abbott mabbott@jsu.edu</msg>
<status endtime="20161024 11:09:44.090" starttime="20161024 11:09:44.074" status="PASS"></status>
</kw>
<kw library="BuiltIn" name="Should Be Equal">
<doc>Fails if the given objects are unequal.</doc>
<arguments>
<arg>${f01stu_expected}</arg>
<arg>${result}</arg>
</arguments>
<status endtime="20161024 11:09:44.096" starttime="20161024 11:09:44.092" status="PASS"></status>
</kw>
<status critical="yes" endtime="20161024 11:09:44.097" starttime="20161024 11:09:44.069" status="PASS"></status>
</test>
<test name="Get Course From Database" id="s1-s1-t2">
<kw library="keywords.GameologyKeyword" name="Pull Course From Database Based On ID">
<arguments>
<arg>99018</arg>
</arguments>
<assign>
<var>${result}</var>
</assign>
<msg level="INFO" timestamp="20161024 11:09:44.108">${result} = [99018] Spring 2014 (16 students)</msg>
<status endtime="20161024 11:09:44.109" starttime="20161024 11:09:44.103" status="PASS"></status>
</kw>
<kw library="BuiltIn" name="Should Be Equal">
<doc>Fails if the given objects are unequal.</doc>
<arguments>
<arg>${f01crs_expected}</arg>
<arg>${result}</arg>
</arguments>
<status endtime="20161024 11:09:44.115" starttime="20161024 11:09:44.111" status="PASS"></status>
</kw>
<status critical="yes" endtime="20161024 11:09:44.117" starttime="20161024 11:09:44.100" status="PASS"></status>
</test>
<status endtime="20161024 11:09:44.121" starttime="20161024 11:09:44.032" status="PASS"></status>
</suite>
<status endtime="20161024 11:09:44.128" starttime="20161024 11:09:43.839" status="PASS"></status>
</suite>
<statistics>
<total>
<stat pass="2" fail="0">Critical Tests</stat>
<stat pass="2" fail="0">All Tests</stat>
</total>
<tag>
</tag>
<suite>
<stat pass="2" fail="0" name="Acceptancetest" id="s1">Acceptancetest</stat>
<stat pass="2" fail="0" name="GameologyTest" id="s1-s1">Acceptancetest.GameologyTest</stat>
</suite>
</statistics>
<errors>
</errors>
</robot>
